Assuming unrestricted shared filesystem usage.
None
host: ethanlittlestone
Building DAG of jobs...
Using shell: /bin/bash
Provided cores: 8
Rules claiming more threads will be scaled down.
Job stats:
job                        count
-----------------------  -------
run_celltype_annotation        1
total                          1

Select jobs to execute...
Execute 1 jobs...
[Thu Jul 24 13:22:07 2025]
localrule run_celltype_annotation:
    input: data/processed/concatenated_anndata.h5ad
    output: results/geo_figures/umap_celltypist.png
    jobid: 0
    reason: Missing output files: results/geo_figures/umap_celltypist.png
    resources: tmpdir=/var/folders/7x/7dyyb4rs5rj9h5yn26lxbwj40000gn/T
Shell command: 
    python scripts/python_scripts/ALK_positive_single_cell_workflow.py     --pre_processed_h5_file data/processed/concatenated_anndata.h5ad --skip_scvi_training
    
RuleException:
CalledProcessError in file "/Users/ethanlittlestone/USF_Lung_Cancer/scripts/snakemake_scripts/sc_geo_workflow.smk", line 41:
Command 'set -euo pipefail;  
    python scripts/python_scripts/ALK_positive_single_cell_workflow.py     --pre_processed_h5_file data/processed/concatenated_anndata.h5ad --skip_scvi_training' returned non-zero exit status 2.
[Thu Jul 24 13:22:47 2025]
Error in rule run_celltype_annotation:
    message: None
    jobid: 0
    input: data/processed/concatenated_anndata.h5ad
    output: results/geo_figures/umap_celltypist.png
    shell:
        
    python scripts/python_scripts/ALK_positive_single_cell_workflow.py     --pre_processed_h5_file data/processed/concatenated_anndata.h5ad --skip_scvi_training
    
        (command exited with non-zero exit code)
Shutting down, this might take some time.
Exiting because a job execution failed. Look below for error messages
[Thu Jul 24 13:22:47 2025]
Error in rule run_celltype_annotation:
    message: None
    jobid: 0
    input: data/processed/concatenated_anndata.h5ad
    output: results/geo_figures/umap_celltypist.png
    shell:
        
    python scripts/python_scripts/ALK_positive_single_cell_workflow.py     --pre_processed_h5_file data/processed/concatenated_anndata.h5ad --skip_scvi_training
    
        (command exited with non-zero exit code)
Complete log(s): /Users/ethanlittlestone/USF_Lung_Cancer/.snakemake/log/2025-07-24T132207.702826.snakemake.log
WorkflowError:
At least one job did not complete successfully.
