Assuming unrestricted shared filesystem usage.
None
host: ethanlittlestone
Building DAG of jobs...
Using shell: /bin/bash
Provided cores: 8
Rules claiming more threads will be scaled down.
Job stats:
job                  count
-----------------  -------
run_scanpy_script        1
total                    1

Select jobs to execute...
Execute 1 jobs...
[Thu Jul 24 10:14:39 2025]
localrule run_scanpy_script:
    input: data/wildtype_h5_files
    output: data/processed/concatenated_anndata.h5ad, results/geo_figures/violin_qc.png, results/geo_figures/scatter_total_counts_vs_per_mito_counts.png, results/geo_figures/scatter_total_counts_vs_gene_counts.png
    jobid: 0
    reason: Forced execution
    resources: tmpdir=/var/folders/7x/7dyyb4rs5rj9h5yn26lxbwj40000gn/T
Shell command: 
    python scripts/python_scripts/ALK_positive_single_cell_workflow.py     --h5_directory data/wildtype_h5_files --pre_processed_h5_file data/processed/concatenated_anndata.h5ad
    
RuleException:
CalledProcessError in file "/Users/ethanlittlestone/USF_Lung_Cancer/scripts/snakemake_scripts/sc_geo_workflow.smk", line 27:
Command 'set -euo pipefail;  
    python scripts/python_scripts/ALK_positive_single_cell_workflow.py     --h5_directory data/wildtype_h5_files --pre_processed_h5_file data/processed/concatenated_anndata.h5ad' returned non-zero exit status 1.
[Thu Jul 24 10:15:33 2025]
Error in rule run_scanpy_script:
    message: None
    jobid: 0
    input: data/wildtype_h5_files
    output: data/processed/concatenated_anndata.h5ad, results/geo_figures/violin_qc.png, results/geo_figures/scatter_total_counts_vs_per_mito_counts.png, results/geo_figures/scatter_total_counts_vs_gene_counts.png
    shell:
        
    python scripts/python_scripts/ALK_positive_single_cell_workflow.py     --h5_directory data/wildtype_h5_files --pre_processed_h5_file data/processed/concatenated_anndata.h5ad
    
        (command exited with non-zero exit code)
Removing output files of failed job run_scanpy_script since they might be corrupted:
results/geo_figures/violin_qc.png, results/geo_figures/scatter_total_counts_vs_per_mito_counts.png, results/geo_figures/scatter_total_counts_vs_gene_counts.png
Shutting down, this might take some time.
Exiting because a job execution failed. Look below for error messages
[Thu Jul 24 10:15:33 2025]
Error in rule run_scanpy_script:
    message: None
    jobid: 0
    input: data/wildtype_h5_files
    output: data/processed/concatenated_anndata.h5ad, results/geo_figures/violin_qc.png, results/geo_figures/scatter_total_counts_vs_per_mito_counts.png, results/geo_figures/scatter_total_counts_vs_gene_counts.png
    shell:
        
    python scripts/python_scripts/ALK_positive_single_cell_workflow.py     --h5_directory data/wildtype_h5_files --pre_processed_h5_file data/processed/concatenated_anndata.h5ad
    
        (command exited with non-zero exit code)
Complete log(s): /Users/ethanlittlestone/USF_Lung_Cancer/.snakemake/log/2025-07-24T101439.459777.snakemake.log
WorkflowError:
At least one job did not complete successfully.
