Assuming unrestricted shared filesystem usage.
None
host: Cameron Woods MBP
Building DAG of jobs...
Using shell: /bin/bash
Provided cores: 8
Rules claiming more threads will be scaled down.
Job stats:
job      count
-----  -------
all          1
total        1

Select jobs to execute...
Execute 1 jobs...
[Tue Jul 22 15:31:06 2025]
localrule all:
    jobid: 0
    reason: Rules with neither input nor output files are always executed.
    resources: tmpdir=/var/folders/7x/7dyyb4rs5rj9h5yn26lxbwj40000gn/T
Shell command: None
[Tue Jul 22 15:31:06 2025]
Finished jobid: 0 (Rule: all)
1 of 1 steps (100%) done
Complete log(s): /Users/ethanlittlestone/USF_Lung_Cancer/.snakemake/log/2025-07-22T153106.553004.snakemake.log
